{
  "0 debug pnpm:scope": {
    "selected": 1
  },
  "1 error pnpm": {
    "code": "ELIFECYCLE",
    "errno": "ENOENT",
    "syscall": "spawn",
    "file": "sh",
    "pkgid": "next-radio@0.1.0",
    "stage": "start",
    "script": "next start",
    "pkgname": "next-radio",
    "err": {
      "name": "pnpm",
      "message": "next-radio@0.1.0 start: `next start`\nspawn ENOENT",
      "code": "ELIFECYCLE",
      "stack": "pnpm: next-radio@0.1.0 start: `next start`\nspawn ENOENT\n    at ChildProcess.<anonymous> (/home/ivan/.volta/tools/image/node/16.3.0/pnpm-global/5/node_modules/.pnpm/pnpm@6.32.2/node_modules/pnpm/dist/pnpm.cjs:92254:22)\n    at ChildProcess.emit (node:events:394:28)\n    at maybeClose (node:internal/child_process:1067:16)\n    at Process.ChildProcess._handle.onexit (node:internal/child_process:301:5)"
    }
  },
  "2 warn pnpm:global": " Local package.json exists, but node_modules missing, did you mean to install?"
}